<?xml version="1.0" encoding="UTF-8"?>
<!-- Generated by org.testng.reporters.JUnitReportReporter -->
<testsuite name="com.qtpselenium.testcases.StockTest" tests="1" time="20.903" ignored="0" failures="0" timestamp="12 Mar 2019 02:30:30 GMT" skipped="0" hostname="DESKTOP-NM05SVP" errors="0">
  <testcase name="addStockTest" time="20.903" classname="com.qtpselenium.testcases.StockTest"/>
</testsuite> <!-- com.qtpselenium.testcases.StockTest -->
