<?xml version="1.0" encoding="UTF-8"?>
<!-- Generated by org.testng.reporters.JUnitReportReporter -->
<testsuite skipped="0" hostname="DESKTOP-NM05SVP" name="com.qtpselenium.testcases.StockTest" tests="1" failures="0" timestamp="07 Mar 2019 01:53:31 GMT" time="18.339" errors="0">
  <testcase name="addStockTest" time="18.339" classname="com.qtpselenium.testcases.StockTest"/>
</testsuite> <!-- com.qtpselenium.testcases.StockTest -->
